<?xml version="1.0" encoding="UTF-8"?>
<testng-results ignored="0" total="1" passed="1" failed="0" skipped="0">
  <reporter-output>
  </reporter-output>
  <suite started-at="2021-10-25T12:09:14 IST" name="parallel" finished-at="2021-10-25T12:09:24 IST" duration-ms="9866">
    <groups>
    </groups>
    <test started-at="2021-10-25T12:09:14 IST" name="Device-1" finished-at="2021-10-25T12:09:24 IST" duration-ms="9866">
      <class name="testScripts.TestScript">
        <test-method signature="setup()[pri:0, instance:testScripts.TestScript@79d8407f]" started-at="2021-10-25T12:09:14 IST" name="setup" finished-at="2021-10-25T12:09:24 IST" duration-ms="9843" status="PASS">
          <reporter-output>
          </reporter-output>
        </test-method> <!-- setup -->
      </class> <!-- testScripts.TestScript -->
    </test> <!-- Device-1 -->
  </suite> <!-- parallel -->
</testng-results>
